TN:
SF:src/functions/private.ts
FN:3,(anonymous_0)
FNF:1
FNH:1
FNDA:3,(anonymous_0)
DA:3,2
DA:4,3
LF:2
LH:2
BRF:0
BRH:0
end_of_record
TN:
SF:src/functions/public.ts
FN:3,(anonymous_0)
FNF:1
FNH:1
FNDA:3,(anonymous_0)
DA:3,2
DA:4,3
LF:2
LH:2
BRF:0
BRH:0
end_of_record
TN:
SF:src/services/auth.ts
FN:24,(anonymous_9)
FN:38,(anonymous_10)
FNF:2
FNH:2
FNDA:15,(anonymous_9)
FNDA:3,(anonymous_10)
DA:2,2
DA:3,2
DA:6,2
DA:9,0
DA:10,0
DA:11,0
DA:17,0
DA:24,2
DA:25,15
DA:26,15
DA:28,15
DA:30,10
DA:31,10
DA:33,5
DA:38,2
DA:39,3
DA:40,3
DA:41,2
DA:44,1
DA:45,1
DA:46,1
DA:47,1
DA:48,1
DA:50,0
LF:24
LH:19
BRDA:6,0,0,0
BRDA:9,1,0,0
BRDA:9,1,1,0
BRDA:26,2,0,15
BRDA:26,2,1,0
BRDA:28,3,0,10
BRDA:28,3,1,5
BRDA:40,4,0,2
BRDA:40,5,0,3
BRDA:40,5,1,2
BRF:10
BRH:6
end_of_record
TN:
SF:src/services/firestore.ts
FN:20,(anonymous_9)
FN:32,(anonymous_10)
FN:40,(anonymous_11)
FN:42,(anonymous_12)
FN:45,(anonymous_13)
FN:59,(anonymous_14)
FNF:6
FNH:6
FNDA:2,(anonymous_9)
FNDA:3,(anonymous_10)
FNDA:2,(anonymous_11)
FNDA:2,(anonymous_12)
FNDA:2,(anonymous_13)
FNDA:2,(anonymous_14)
DA:1,2
DA:5,2
DA:6,0
DA:14,0
DA:17,2
DA:18,2
DA:20,2
DA:21,2
DA:22,2
DA:28,2
DA:29,2
DA:32,2
DA:33,3
DA:34,3
DA:35,0
DA:37,3
DA:40,2
DA:41,2
DA:42,2
DA:45,2
DA:46,2
DA:47,2
DA:49,2
DA:50,0
DA:53,2
DA:54,2
DA:55,2
DA:56,2
DA:59,2
DA:60,2
DA:61,2
DA:63,2
DA:64,0
DA:67,2
DA:68,2
LF:35
LH:30
BRDA:5,0,0,0
BRDA:34,1,0,0
BRDA:34,2,0,3
BRDA:34,2,1,3
BRDA:49,3,0,0
BRDA:49,4,0,2
BRDA:49,4,1,2
BRDA:63,5,0,0
BRDA:63,6,0,2
BRDA:63,6,1,2
BRF:10
BRH:6
end_of_record
